<?xml version="1.0" encoding="UTF-8"?>
<testsuite name="register in utest" tests="1" skipped="0" failures="0" errors="0" timestamp="2024-02-02T14:24:23" hostname="JULIANBR" time="7.813">
  <properties/>
  <testcase name="Book taxi from airport one way" classname="register in utest" time="7.813"/>
  <system-out><![CDATA[]]></system-out>
  <system-err><![CDATA[[Test worker] INFO net.thucydides.core.steps.ConsoleLoggingListener - 
        __    _____ _____ ____ _____   ____   _    ____  ____  _____ ____  
  _     \ \  |_   _| ____/ ___|_   _| |  _ \ / \  / ___|/ ___|| ____|  _ \ 
 (_)_____| |   | | |  _| \___ \ | |   | |_) / _ \ \___ \\___ \|  _| | | | |
  _|_____| |   | | | |___ ___) || |   |  __/ ___ \ ___) |___) | |___| |_| |
 (_)     | |   |_| |_____|____/ |_|   |_| /_/   \_\____/|____/|_____|____/ 
        /_/                                                                

TEST PASSED: Book taxi from airport one way
----------------------------------------------------------------------------
]]></system-err>
</testsuite>
